0 info it worked if it ends with ok
1 verbose cli [ 'node', '/usr/local/bin/npm', 'run', 'update-index-async' ]
2 info using npm@2.7.4
3 info using node@v0.12.2
4 verbose run-script [ 'preupdate-index-async',
4 verbose run-script   'update-index-async',
4 verbose run-script   'postupdate-index-async' ]
5 info preupdate-index-async angular-seed@0.0.0
6 info update-index-async angular-seed@0.0.0
7 verbose unsafe-perm in lifecycle true
8 info angular-seed@0.0.0 Failed to exec update-index-async script
9 verbose stack Error: angular-seed@0.0.0 update-index-async: `node -e "require('shelljs/global'); sed('-i', /\/\/@@NG_LOADER_START@@[\s\S]*\/\/@@NG_LOADER_END@@/, '//@@NG_LOADER_START@@\n' + sed(/sourceMappingURL=angular-loader.min.js.map/,'sourceMappingURL=bower_components/angular-loader/angular-loader.min.js.map','app/bower_components/angular-loader/angular-loader.min.js') + '\n//@@NG_LOADER_END@@', 'app/index-async.html');"`
9 verbose stack Exit status 1
9 verbose stack     at EventEmitter.<anonymous> (/usr/local/lib/node_modules/npm/lib/utils/lifecycle.js:213:16)
9 verbose stack     at EventEmitter.emit (events.js:110:17)
9 verbose stack     at ChildProcess.<anonymous> (/usr/local/lib/node_modules/npm/lib/utils/spawn.js:14:12)
9 verbose stack     at ChildProcess.emit (events.js:110:17)
9 verbose stack     at maybeClose (child_process.js:1015:16)
9 verbose stack     at Process.ChildProcess._handle.onexit (child_process.js:1087:5)
10 verbose pkgid angular-seed@0.0.0
11 verbose cwd /Users/kazmierczak/Documents/2015-dyplom/app
12 error Darwin 14.1.1
13 error argv "node" "/usr/local/bin/npm" "run" "update-index-async"
14 error node v0.12.2
15 error npm  v2.7.4
16 error code ELIFECYCLE
17 error angular-seed@0.0.0 update-index-async: `node -e "require('shelljs/global'); sed('-i', /\/\/@@NG_LOADER_START@@[\s\S]*\/\/@@NG_LOADER_END@@/, '//@@NG_LOADER_START@@\n' + sed(/sourceMappingURL=angular-loader.min.js.map/,'sourceMappingURL=bower_components/angular-loader/angular-loader.min.js.map','app/bower_components/angular-loader/angular-loader.min.js') + '\n//@@NG_LOADER_END@@', 'app/index-async.html');"`
17 error Exit status 1
18 error Failed at the angular-seed@0.0.0 update-index-async script 'node -e "require('shelljs/global'); sed('-i', /\/\/@@NG_LOADER_START@@[\s\S]*\/\/@@NG_LOADER_END@@/, '//@@NG_LOADER_START@@\n' + sed(/sourceMappingURL=angular-loader.min.js.map/,'sourceMappingURL=bower_components/angular-loader/angular-loader.min.js.map','app/bower_components/angular-loader/angular-loader.min.js') + '\n//@@NG_LOADER_END@@', 'app/index-async.html');"'.
18 error This is most likely a problem with the angular-seed package,
18 error not with npm itself.
18 error Tell the author that this fails on your system:
18 error     node -e "require('shelljs/global'); sed('-i', /\/\/@@NG_LOADER_START@@[\s\S]*\/\/@@NG_LOADER_END@@/, '//@@NG_LOADER_START@@\n' + sed(/sourceMappingURL=angular-loader.min.js.map/,'sourceMappingURL=bower_components/angular-loader/angular-loader.min.js.map','app/bower_components/angular-loader/angular-loader.min.js') + '\n//@@NG_LOADER_END@@', 'app/index-async.html');"
18 error You can get their info via:
18 error     npm owner ls angular-seed
18 error There is likely additional logging output above.
19 verbose exit [ 1, true ]
